<?xml version="1.0" encoding="UTF-8"?>
<!-- Generated by org.testng.reporters.JUnitReportReporter -->
<testsuite hostname="DESKTOP-G07M1S2" failures="0" tests="1" name="com.tutorialsninja.qa.testcases.HandlePop_up_window" time="13.263" errors="0" timestamp="2024-03-14T09:26:30 PDT" skipped="0">
  <testcase classname="com.tutorialsninja.qa.testcases.HandlePop_up_window" name="popUpHandle" time="13.263"/>
  <system-out/>
</testsuite> <!-- com.tutorialsninja.qa.testcases.HandlePop_up_window -->
